<?xml version="1.0" encoding="UTF-8"?>
<!-- Generated by org.testng.reporters.JUnitReportReporter -->
<testsuite hostname="LAPTOP-8P0K0HDK" failures="0" tests="3" name="p1.c2" time="25.629" errors="0" timestamp="2024-03-01T19:13:01 IST" skipped="0">
  <testcase classname="p1.c2" name="DataProvSampleTest" time="6.228"/>
  <system-out/>
  <testcase classname="p1.c2" name="DataProvSampleTest" time="9.458"/>
  <system-out/>
  <testcase classname="p1.c2" name="DataProvSampleTest" time="9.943"/>
  <system-out/>
</testsuite> <!-- p1.c2 -->
