<?xml version="1.0" encoding="UTF-8"?>
<!-- Generated by org.testng.reporters.JUnitReportReporter -->
<testsuite hostname="LAPTOP-8P0K0HDK" failures="0" tests="1" name="p1.c1" time="11.321" errors="0" timestamp="2024-03-01T19:05:32 IST" skipped="0">
  <testcase classname="p1.c1" name="t1" time="11.321"/>
  <system-out/>
</testsuite> <!-- p1.c1 -->
